<?xml version="1.0" encoding="UTF-8" standalone="no"?>
<testsuite failures="4" name="cucumber.runtime.formatter.JUnitFormatter" skipped="0" tests="6" time="232.14415">
<testcase classname="User test the Automation practice with valid credentials and functionality" name="Verify user validate the automation practice home page" time="32.684159">
<system-out><![CDATA[Given user hit the automation practice website..............................passed
Then user verifies the site logo............................................passed
And user verifies the page title............................................passed
When user click on Signin button in the home page header....................passed
]]></system-out>
</testcase>
<testcase classname="User test the Automation practice with valid credentials and functionality" name="Verify whether user login the application with valid authentication" time="4.285781">
<system-out><![CDATA[Then user verify and enters the email id 'jaihamsi40@gmail.com'  in the  login the page.passed
Then user verify and enters the password '12345' in the login page..........passed
And user click on signin button in the login page...........................passed
Then user verifies the username present in the header.......................passed
]]></system-out>
</testcase>
<testcase classname="User test the Automation practice with valid credentials and functionality" name="With user account the user place the order in the application with valid functionality" time="13.520963">
<failure message="org.openqa.selenium.NoSuchWindowException: no such window: target window already closed&#10;from unknown error: web view not found&#10;  (Session info: chrome=76.0.3809.132)&#10;Build info: version: '3.141.59', revision: 'e82be7d358', time: '2018-11-14T08:17:03'&#10;System info: host: 'UMA-PC', ip: '192.168.1.18', os.name: 'Windows 7', os.arch: 'amd64', os.version: '6.1', java.version: '1.8.0_201'&#10;Driver info: org.openqa.selenium.chrome.ChromeDriver&#10;Capabilities {acceptInsecureCerts: false, browserName: chrome, browserVersion: 76.0.3809.132, chrome: {chromedriverVersion: 75.0.3770.140 (2d9f97485c7b..., userDataDir: C:\Users\Uma\AppData\Local\...}, goog:chromeOptions: {debuggerAddress: localhost:49191}, javascriptEnabled: true, networkConnectionEnabled: false, pageLoadStrategy: normal, platform: XP, platformName: XP, proxy: Proxy(), setWindowRect: true, strictFileInteractability: false, timeouts: {implicit: 0, pageLoad: 300000, script: 30000}, unhandledPromptBehavior: dismiss and notify}&#10;Session ID: eb119835ae16e5b6b25291cfaab495c9&#10;*** Element info: {Using=xpath, value=(//a[@title='T-shirts'])[1]}&#13;&#10;&#9;at sun.reflect.NativeConstructorAccessorImpl.newInstance0(Native Method)&#13;&#10;&#9;at sun.reflect.NativeConstructorAccessorImpl.newInstance(NativeConstructorAccessorImpl.java:62)&#13;&#10;&#9;at sun.reflect.DelegatingConstructorAccessorImpl.newInstance(DelegatingConstructorAccessorImpl.java:45)&#13;&#10;&#9;at java.lang.reflect.Constructor.newInstance(Constructor.java:423)&#13;&#10;&#9;at org.openqa.selenium.remote.http.W3CHttpResponseCodec.createException(W3CHttpResponseCodec.java:187)&#13;&#10;&#9;at org.openqa.selenium.remote.http.W3CHttpResponseCodec.decode(W3CHttpResponseCodec.java:122)&#13;&#10;&#9;at org.openqa.selenium.remote.http.W3CHttpResponseCodec.decode(W3CHttpResponseCodec.java:49)&#13;&#10;&#9;at org.openqa.selenium.remote.HttpCommandExecutor.execute(HttpCommandExecutor.java:158)&#13;&#10;&#9;at org.openqa.selenium.remote.service.DriverCommandExecutor.execute(DriverCommandExecutor.java:83)&#13;&#10;&#9;at org.openqa.selenium.remote.RemoteWebDriver.execute(RemoteWebDriver.java:552)&#13;&#10;&#9;at org.openqa.selenium.remote.RemoteWebDriver.findElement(RemoteWebDriver.java:323)&#13;&#10;&#9;at org.openqa.selenium.remote.RemoteWebDriver.findElementByXPath(RemoteWebDriver.java:428)&#13;&#10;&#9;at org.openqa.selenium.By$ByXPath.findElement(By.java:353)&#13;&#10;&#9;at org.openqa.selenium.remote.RemoteWebDriver.findElement(RemoteWebDriver.java:315)&#13;&#10;&#9;at org.openqa.selenium.support.pagefactory.DefaultElementLocator.findElement(DefaultElementLocator.java:69)&#13;&#10;&#9;at org.openqa.selenium.support.pagefactory.internal.LocatingElementHandler.invoke(LocatingElementHandler.java:38)&#13;&#10;&#9;at com.sun.proxy.$Proxy16.getText(Unknown Source)&#13;&#10;&#9;at com.cucumber.stepdefinition.Stepdefinition.user_check_verify_whether_the_product_T_shirts_searched_is_present_or_not_inside_women_menu(Stepdefinition.java:111)&#13;&#10;&#9;at ✽.Then user check verify whether the product 'T-shirts' searched is present or not inside women menu(AutomationPractice.feature:20)&#13;&#10;"><![CDATA[When user hover near women menu to select the product to purchase...........passed
And user click the  product T-shirts........................................passed
Then user check verify whether the product 'T-shirts' searched is present or not inside women menu.failed

StackTrace:
org.openqa.selenium.NoSuchWindowException: no such window: target window already closed
from unknown error: web view not found
  (Session info: chrome=76.0.3809.132)
Build info: version: '3.141.59', revision: 'e82be7d358', time: '2018-11-14T08:17:03'
System info: host: 'UMA-PC', ip: '192.168.1.18', os.name: 'Windows 7', os.arch: 'amd64', os.version: '6.1', java.version: '1.8.0_201'
Driver info: org.openqa.selenium.chrome.ChromeDriver
Capabilities {acceptInsecureCerts: false, browserName: chrome, browserVersion: 76.0.3809.132, chrome: {chromedriverVersion: 75.0.3770.140 (2d9f97485c7b..., userDataDir: C:\Users\Uma\AppData\Local\...}, goog:chromeOptions: {debuggerAddress: localhost:49191}, javascriptEnabled: true, networkConnectionEnabled: false, pageLoadStrategy: normal, platform: XP, platformName: XP, proxy: Proxy(), setWindowRect: true, strictFileInteractability: false, timeouts: {implicit: 0, pageLoad: 300000, script: 30000}, unhandledPromptBehavior: dismiss and notify}
Session ID: eb119835ae16e5b6b25291cfaab495c9
*** Element info: {Using=xpath, value=(//a[@title='T-shirts'])[1]}
	at sun.reflect.NativeConstructorAccessorImpl.newInstance0(Native Method)
	at sun.reflect.NativeConstructorAccessorImpl.newInstance(NativeConstructorAccessorImpl.java:62)
	at sun.reflect.DelegatingConstructorAccessorImpl.newInstance(DelegatingConstructorAccessorImpl.java:45)
	at java.lang.reflect.Constructor.newInstance(Constructor.java:423)
	at org.openqa.selenium.remote.http.W3CHttpResponseCodec.createException(W3CHttpResponseCodec.java:187)
	at org.openqa.selenium.remote.http.W3CHttpResponseCodec.decode(W3CHttpResponseCodec.java:122)
	at org.openqa.selenium.remote.http.W3CHttpResponseCodec.decode(W3CHttpResponseCodec.java:49)
	at org.openqa.selenium.remote.HttpCommandExecutor.execute(HttpCommandExecutor.java:158)
	at org.openqa.selenium.remote.service.DriverCommandExecutor.execute(DriverCommandExecutor.java:83)
	at org.openqa.selenium.remote.RemoteWebDriver.execute(RemoteWebDriver.java:552)
	at org.openqa.selenium.remote.RemoteWebDriver.findElement(RemoteWebDriver.java:323)
	at org.openqa.selenium.remote.RemoteWebDriver.findElementByXPath(RemoteWebDriver.java:428)
	at org.openqa.selenium.By$ByXPath.findElement(By.java:353)
	at org.openqa.selenium.remote.RemoteWebDriver.findElement(RemoteWebDriver.java:315)
	at org.openqa.selenium.support.pagefactory.DefaultElementLocator.findElement(DefaultElementLocator.java:69)
	at org.openqa.selenium.support.pagefactory.internal.LocatingElementHandler.invoke(LocatingElementHandler.java:38)
	at com.sun.proxy.$Proxy16.getText(Unknown Source)
	at com.cucumber.stepdefinition.Stepdefinition.user_check_verify_whether_the_product_T_shirts_searched_is_present_or_not_inside_women_menu(Stepdefinition.java:111)
	at ✽.Then user check verify whether the product 'T-shirts' searched is present or not inside women menu(AutomationPractice.feature:20)
]]></failure>
</testcase>
<testcase classname="User test the Automation practice with valid credentials and functionality" name="user give the product details such as size,color to place order" time="60.582626">
<failure message="java.lang.Exception&#13;&#10;&#9;at com.cucumber.base.Baseclass.clickOnWebElement(Baseclass.java:141)&#13;&#10;&#9;at com.cucumber.stepdefinition.Stepdefinition.user_click_the_checkbox_to_select_the_size_of_the_T_shirt_in_catalog(Stepdefinition.java:121)&#13;&#10;&#9;at ✽.When user click the checkbox to select the size of the T-shirt in catalog(AutomationPractice.feature:23)&#13;&#10;"><![CDATA[When user click the checkbox to select the size of the T-shirt in catalog...failed
When user hover to the image................................................skipped
And user click more button..................................................skipped
And user click on the Add to cart button....................................skipped
Then user check whether the product searched 'Faded Short Sleeve T-shirts' text displayed or not.skipped

StackTrace:
java.lang.Exception
	at com.cucumber.base.Baseclass.clickOnWebElement(Baseclass.java:141)
	at com.cucumber.stepdefinition.Stepdefinition.user_click_the_checkbox_to_select_the_size_of_the_T_shirt_in_catalog(Stepdefinition.java:121)
	at ✽.When user click the checkbox to select the size of the T-shirt in catalog(AutomationPractice.feature:23)
]]></failure>
</testcase>
<testcase classname="User test the Automation practice with valid credentials and functionality" name="User Proceed to checkout the product" time="60.520236">
<failure message="java.lang.Exception&#13;&#10;&#9;at com.cucumber.base.Baseclass.clickOnWebElement(Baseclass.java:141)&#13;&#10;&#9;at com.cucumber.stepdefinition.Stepdefinition.user_click_on_to_frame(Stepdefinition.java:155)&#13;&#10;&#9;at ✽.When user click on to frame(AutomationPractice.feature:31)&#13;&#10;"><![CDATA[When user click on to frame.................................................failed
When user click the Proceed to checkout button inside the frame.............skipped
Then user verify the text 'Quantity' is present.............................skipped
And user click the proceed to checkout in the shopping cart summary.........skipped
And user click on the proceed to check out in addresses.....................skipped

StackTrace:
java.lang.Exception
	at com.cucumber.base.Baseclass.clickOnWebElement(Baseclass.java:141)
	at com.cucumber.stepdefinition.Stepdefinition.user_click_on_to_frame(Stepdefinition.java:155)
	at ✽.When user click on to frame(AutomationPractice.feature:31)
]]></failure>
</testcase>
<testcase classname="User test the Automation practice with valid credentials and functionality" name="User place order with terms and conditions" time="60.550385">
<failure message="java.lang.Exception&#13;&#10;&#9;at com.cucumber.base.Baseclass.clickOnWebElement(Baseclass.java:141)&#13;&#10;&#9;at com.cucumber.stepdefinition.Stepdefinition.user_click_checkbox_to_agree_the_terms(Stepdefinition.java:190)&#13;&#10;&#9;at ✽.When user click checkbox to agree the terms(AutomationPractice.feature:38)&#13;&#10;"><![CDATA[When user click checkbox to agree the terms.................................failed
And user click on proceed to checkout in shipping page......................skipped
And user click on pay.......................................................skipped
And user click on signout to come out of the application....................skipped

StackTrace:
java.lang.Exception
	at com.cucumber.base.Baseclass.clickOnWebElement(Baseclass.java:141)
	at com.cucumber.stepdefinition.Stepdefinition.user_click_checkbox_to_agree_the_terms(Stepdefinition.java:190)
	at ✽.When user click checkbox to agree the terms(AutomationPractice.feature:38)
]]></failure>
</testcase>
</testsuite>
