
<!DOCTYPE html>
<html>


<head>
	<meta charset='UTF-8' /> 
	<meta name='description' content='' />
	<meta name='robots' content='noodp, noydir' />
	<meta name='viewport' content='width=device-width, initial-scale=1' />
	<meta id="timeStampFormat" name="timeStampFormat" content='MMM dd, yyyy HH:mm:ss'/>
	
	<link href='https://fonts.googleapis.com/css?family=Source+Sans+Pro:400,600' rel='stylesheet' type='text/css'>
	<link href="https://fonts.googleapis.com/icon?family=Material+Icons" rel="stylesheet">

		<link href='https://cdn.rawgit.com/anshooarora/extentreports-java/6d3843c29c354373fafad29c03a1a89b7e06c374/dist/css/extent.css' type='text/css' rel='stylesheet' />
	
	<title>Extent Framework</title>

</head>

	<body class='extent dark default hide-overflow bdd-report'>
		<div id='theme-selector' alt='Click to toggle theme. To enable by default, use theme configuration.' title='Click to toggle theme. To enable by default, use theme configuration.'>
			<span><i class='material-icons'>desktop_windows</i></span>
		</div>

<nav>
	<div class="nav-wrapper">
		<a href="#!" class="brand-logo blue darken-3">Extent</a>

		<!-- slideout menu -->
		<ul id='slide-out' class='side-nav fixed hide-on-med-and-down'>
			<li class='waves-effect active'><a href='#!' view='test-view' onclick="configureView(0);chartsView('test');"><i class='material-icons'>dashboard</i></a></li>
						<li class='waves-effect'><a href='#!' view='category-view' onclick="configureView(1)"><i class='material-icons'>label_outline</i></a></li>
			<li class='waves-effect'><a href='#!' view='exception-view' onclick="configureView(2)"><i class='material-icons'>bug_report</i></a></li>
			<li class='waves-effect'><a href='#!' onclick="configureView(-1);chartsView('dashboard');" view='dashboard-view'><i class='material-icons'>track_changes</i></i></a></li>
		</ul>

		<!-- report name -->
		<span class='report-name'>Build 1</span>
		
		<!-- report headline -->
		<span class='report-headline'></span>

		<!-- nav-right -->
		<ul id='nav-mobile' class='right hide-on-med-and-down nav-right'>
			<li>
                <a href='#!'>
                    <span class='label suite-start-time blue darken-3'>Sep 05, 2019 11:01:35</span>
				</a>
			</li>
			<li>
                <a href='#!'>
                    <span class='label blue darken-3'>v3.0.6</span>
				</a>
			</li>
		</ul>
	</div>
</nav>

		<!-- container -->
		<div class='container'>

<div id='test-view' class='view'>
				
	<section id='controls'>
		<div class='controls grey lighten-4'>
			<!-- test toggle -->
			<div class='chip transparent'>
				<a class='dropdown-button tests-toggle' data-activates='tests-toggle' data-constrainwidth='true' data-beloworigin='true' data-hover='true' href='#'>
					<i class='material-icons'>warning</i> Status
				</a>
				<ul id='tests-toggle' class='dropdown-content'>
											<li status='pass'><a href='#!'>Pass <i class='material-icons green-text'>check_circle</i></a></li>
						<li status='fail'><a href='#!'>Fail <i class='material-icons red-text'>cancel</i></a></li>
						<li status='skip'><a href='#!'>Skip <i class='material-icons cyan-text'>redo</i></a></li>
					<li class='divider'></li>
					<li status='clear' clear='true'><a href='#!'>Clear Filters <i class='material-icons'>clear</i></a></li>
				</ul>
			</div>
			<!-- test toggle -->

			<!-- category toggle -->
			<div class='chip transparent'>
				<a class='dropdown-button category-toggle' data-activates='category-toggle' data-constrainwidth='false' data-beloworigin='true' data-hover='true' href='#'>
					<i class='material-icons'>local_offer</i> Category
				</a>
				<ul id='category-toggle' class='dropdown-content'>
					<li><a href='#'>@APIendtoend</a></li>
					<li><a href='#'>@HomePage</a></li>
					<li><a href='#'>@EndtoEndLogin</a></li>
					<li><a href='#'>@EndtoEndorder</a></li>
					<li><a href='#'>@testcase1</a></li>
					<li><a href='#'>@testcase2</a></li>
					<li><a href='#'>@logout</a></li>
					<li class='divider'></li>
					<li class='clear'><a href='#!' clear='true'>Clear Filters</a></li>
				</ul>
			</div>
			<!-- category toggle -->

			<!-- clear filters -->
			<div class='chip transparent hide'>
				<a class='' id='clear-filters' alt='Clear Filters' title='Clear Filters'>
					<i class='material-icons'>close</i> Clear
				</a>
			</div>
			<!-- clear filters -->

			<!-- enable dashboard -->
			<div id='toggle-test-view-charts' class='chip transparent'>
				<a class='pink-text' id='enable-dashboard' alt='Enable Dashboard' title='Enable Dashboard'>
					<i class='material-icons'>track_changes</i> Dashboard
				</a>
			</div>
			<!-- enable dashboard -->

			<!-- search -->
			<div class='chip transparent' alt='Search Tests' title='Search Tests'>
				<a href="#" class='search-div'>
					<i class='material-icons'>search</i> Search
				</a>

				<div class='input-field left hide'>
					<input id='search-tests' type='text' class='validate browser-default' placeholder='Search Tests...'>
				</div>
				
			</div>
			<!-- search -->
		</div>
	</section>


<div id='test-view-charts' class='subview-full'>
	<div id='charts-row' class='row nm-v nm-h'>
		<div class='col s12 m4 l4 np-h'>
			<div class='card-panel nm-v'>
				<div class='left panel-name'>Features</div>
				<div class='chart-box'>
					<canvas id='parent-analysis' width='100' height='80'></canvas>
				</div>
				<div class='block text-small'>
					<span class='tooltipped' data-position='top' data-tooltip='0%'><span class='strong'>0</span> feature(s) passed</span>
				</div>
				<div class='block text-small'>
					<span class='strong tooltipped' data-position='top' data-tooltip='100%'>1</span> feature(s) failed, <span class='strong tooltipped' data-position='top' data-tooltip='0%'>0</span> others
				</div>
			</div>
		</div>
		
		<div class='col s12 m4 l4 np-h'>
			<div class='card-panel nm-v'>
				<div class='left panel-name'>Scenarios</div>
				<div class='chart-box'>
					<canvas id='child-analysis' width='100' height='80'></canvas>
				</div>
				<div class='block text-small'>
					<span class='tooltipped' data-position='top' data-tooltip='33.333%'><span class='strong'>2</span> scenario(s) passed</span>
				</div>
				<div class='block text-small'>
					<span class='strong tooltipped' data-position='top' data-tooltip='66.667%'>4</span> scenario(s) failed, <span class='strong tooltipped' data-position='top' data-tooltip='0%'>0</span> others
				</div>
			</div>
		</div>
		
		<div class='col s12 m4 l4 np-h'>
			<div class='card-panel nm-v'>
				<div class='left panel-name'>Steps</div>
				<div class='chart-box'>
					<canvas id='grandchild-analysis' width='100' height='80'></canvas>
				</div>
				<div class='block text-small'>
					<span class='tooltipped' data-position='top' data-tooltip='40%'><span class='strong'>10</span> step(s) passed</span>
				</div>
				<div class='block text-small'>
					<span class='strong tooltipped' data-position='top' data-tooltip='16%'>4</span> step(s) failed, <span class='strong tooltipped' data-position='top' data-tooltip='44%'>11</span> others
				</div>
			</div>
		</div>
	</div>
</div>

	<div class='subview-left left'>
		
		<div class='view-summary'>
			<h5>Features</h5>
			<ul id='test-collection' class='test-collection'>
				
				
				<li class='test displayed active has-leaf fail' status='fail' bdd='true' test-id='1'>
					<div class='test-heading'>
						<span class='test-name'>User test the Automation practice with valid credentials and functionality</span>
						<span class='test-time'>Sep 05, 2019 11:01:36</span>
						<span class='test-status right fail'>fail</span>
					</div>
					<div class='test-content hide'>
<div class='scenario node' test-id='2' status='pass'>
	<div class='category-list'>
		<span class='category label white-text'>@HomePage</span>
	</div>
	<span class='duration right label'>0h 0m 32s+765ms</span>
	<div class='desc'>
		<b>Scenario</b>
		<span class="desc-text">Verify user validate the automation practice home page</span>
	</div>
	<ul class='steps'>
		<li test-id='3' class='node given pass' status='pass'>
			
			<b>Given</b>
			
			<span class="bdd-step-name">Given user hit the automation practice website</span>
				<div class='pre'>passed</div>
			
		</li>
		<li test-id='4' class='node then pass' status='pass'>
			
			<b>Then</b>
			
			<span class="bdd-step-name">Then user verifies the site logo</span>
				<div class='pre'>passed</div>
			
		</li>
		<li test-id='5' class='node and pass' status='pass'>
			
			<b>And</b>
			
			<span class="bdd-step-name">And user verifies the page title</span>
				<div class='pre'>passed</div>
			
		</li>
		<li test-id='6' class='node when pass' status='pass'>
			
			<b>When</b>
			
			<span class="bdd-step-name">When user click on Signin button in the home page header</span>
				<div class='pre'>passed</div>
			
		</li>
	</ul>
</div>
<div class='scenario node' test-id='7' status='pass'>
	<div class='category-list'>
		<span class='category label white-text'>@EndtoEndLogin</span>
	</div>
	<span class='duration right label'>0h 0m 4s+301ms</span>
	<div class='desc'>
		<b>Scenario</b>
		<span class="desc-text">Verify whether user login the application with valid authentication</span>
	</div>
	<ul class='steps'>
		<li test-id='8' class='node then pass' status='pass'>
			
			<b>Then</b>
			
			<span class="bdd-step-name">Then user verify and enters the email id 'jaihamsi40@gmail.com'  in the  login the page</span>
				<div class='pre'>passed</div>
			
		</li>
		<li test-id='9' class='node then pass' status='pass'>
			
			<b>Then</b>
			
			<span class="bdd-step-name">Then user verify and enters the password '12345' in the login page</span>
				<div class='pre'>passed</div>
			
		</li>
		<li test-id='10' class='node and pass' status='pass'>
			
			<b>And</b>
			
			<span class="bdd-step-name">And user click on signin button in the login page</span>
				<div class='pre'>passed</div>
			
		</li>
		<li test-id='11' class='node then pass' status='pass'>
			
			<b>Then</b>
			
			<span class="bdd-step-name">Then user verifies the username present in the header</span>
				<div class='pre'>passed</div>
			
		</li>
	</ul>
</div>
<div class='scenario node' test-id='12' status='fail'>
	<div class='category-list'>
		<span class='category label white-text'>@EndtoEndorder</span>
	</div>
	<span class='duration right label'>0h 0m 13s+548ms</span>
	<div class='desc'>
		<b>Scenario</b>
		<span class="desc-text">With user account the user place the order in the application with valid functionality</span>
	</div>
	<ul class='steps'>
		<li test-id='13' class='node when pass' status='pass'>
			
			<b>When</b>
			
			<span class="bdd-step-name">When user hover near women menu to select the product to purchase</span>
				<div class='pre'>passed</div>
			
		</li>
		<li test-id='14' class='node and pass' status='pass'>
			
			<b>And</b>
			
			<span class="bdd-step-name">And user click the  product T-shirts</span>
				<div class='pre'>passed</div>
			
		</li>
		<li test-id='15' class='node then fail' status='fail'>
			
			<b>Then</b>
			
			<span class="bdd-step-name">Then user check verify whether the product 'T-shirts' searched is present or not inside women menu</span>
				<div class='pre'><pre>org.openqa.selenium.NoSuchWindowException: no such window: target window already closed
from unknown error: web view not found
  (Session info: chrome=76.0.3809.132)
Build info: version: '3.141.59', revision: 'e82be7d358', time: '2018-11-14T08:17:03'
System info: host: 'UMA-PC', ip: '192.168.1.18', os.name: 'Windows 7', os.arch: 'amd64', os.version: '6.1', java.version: '1.8.0_201'
Driver info: org.openqa.selenium.chrome.ChromeDriver
Capabilities {acceptInsecureCerts: false, browserName: chrome, browserVersion: 76.0.3809.132, chrome: {chromedriverVersion: 75.0.3770.140 (2d9f97485c7b..., userDataDir: C:\Users\Uma\AppData\Local\...}, goog:chromeOptions: {debuggerAddress: localhost:49191}, javascriptEnabled: true, networkConnectionEnabled: false, pageLoadStrategy: normal, platform: XP, platformName: XP, proxy: Proxy(), setWindowRect: true, strictFileInteractability: false, timeouts: {implicit: 0, pageLoad: 300000, script: 30000}, unhandledPromptBehavior: dismiss and notify}
Session ID: eb119835ae16e5b6b25291cfaab495c9
*** Element info: {Using=xpath, value=(//a[@title='T-shirts'])[1]}
	at sun.reflect.NativeConstructorAccessorImpl.newInstance0(Native Method)
	at sun.reflect.NativeConstructorAccessorImpl.newInstance(NativeConstructorAccessorImpl.java:62)
	at sun.reflect.DelegatingConstructorAccessorImpl.newInstance(DelegatingConstructorAccessorImpl.java:45)
	at java.lang.reflect.Constructor.newInstance(Constructor.java:423)
	at org.openqa.selenium.remote.http.W3CHttpResponseCodec.createException(W3CHttpResponseCodec.java:187)
	at org.openqa.selenium.remote.http.W3CHttpResponseCodec.decode(W3CHttpResponseCodec.java:122)
	at org.openqa.selenium.remote.http.W3CHttpResponseCodec.decode(W3CHttpResponseCodec.java:49)
	at org.openqa.selenium.remote.HttpCommandExecutor.execute(HttpCommandExecutor.java:158)
	at org.openqa.selenium.remote.service.DriverCommandExecutor.execute(DriverCommandExecutor.java:83)
	at org.openqa.selenium.remote.RemoteWebDriver.execute(RemoteWebDriver.java:552)
	at org.openqa.selenium.remote.RemoteWebDriver.findElement(RemoteWebDriver.java:323)
	at org.openqa.selenium.remote.RemoteWebDriver.findElementByXPath(RemoteWebDriver.java:428)
	at org.openqa.selenium.By$ByXPath.findElement(By.java:353)
	at org.openqa.selenium.remote.RemoteWebDriver.findElement(RemoteWebDriver.java:315)
	at org.openqa.selenium.support.pagefactory.DefaultElementLocator.findElement(DefaultElementLocator.java:69)
	at org.openqa.selenium.support.pagefactory.internal.LocatingElementHandler.invoke(LocatingElementHandler.java:38)
	at com.sun.proxy.$Proxy16.getText(Unknown Source)
	at com.cucumber.stepdefinition.Stepdefinition.user_check_verify_whether_the_product_T_shirts_searched_is_present_or_not_inside_women_menu(Stepdefinition.java:111)
	at ✽.Then user check verify whether the product 'T-shirts' searched is present or not inside women menu(AutomationPractice.feature:20)
</pre></div>
			
		</li>
	</ul>
</div>
<div class='scenario node' test-id='16' status='fail'>
	<div class='category-list'>
		<span class='category label white-text'>@testcase1</span>
	</div>
	<span class='duration right label'>0h 1m 0s+611ms</span>
	<div class='desc'>
		<b>Scenario</b>
		<span class="desc-text">user give the product details such as size,color to place order</span>
	</div>
	<ul class='steps'>
		<li test-id='17' class='node when fail' status='fail'>
			
			<b>When</b>
			
			<span class="bdd-step-name">When user click the checkbox to select the size of the T-shirt in catalog</span>
				<div class='pre'><pre>java.lang.Exception
	at com.cucumber.base.Baseclass.clickOnWebElement(Baseclass.java:141)
	at com.cucumber.stepdefinition.Stepdefinition.user_click_the_checkbox_to_select_the_size_of_the_T_shirt_in_catalog(Stepdefinition.java:121)
	at ✽.When user click the checkbox to select the size of the T-shirt in catalog(AutomationPractice.feature:23)
</pre></div>
			
		</li>
		<li test-id='18' class='node when skip' status='skip'>
			
			<b>When</b>
			
			<span class="bdd-step-name">When user hover to the image</span>
				<div class='pre'>skipped</div>
			
		</li>
		<li test-id='19' class='node and skip' status='skip'>
			
			<b>And</b>
			
			<span class="bdd-step-name">And user click more button</span>
				<div class='pre'>skipped</div>
			
		</li>
		<li test-id='20' class='node and skip' status='skip'>
			
			<b>And</b>
			
			<span class="bdd-step-name">And user click on the Add to cart button</span>
				<div class='pre'>skipped</div>
			
		</li>
		<li test-id='21' class='node then skip' status='skip'>
			
			<b>Then</b>
			
			<span class="bdd-step-name">Then user check whether the product searched 'Faded Short Sleeve T-shirts' text displayed or not</span>
				<div class='pre'>skipped</div>
			
		</li>
	</ul>
</div>
<div class='scenario node' test-id='22' status='fail'>
	<div class='category-list'>
		<span class='category label white-text'>@testcase2</span>
	</div>
	<span class='duration right label'>0h 1m 0s+545ms</span>
	<div class='desc'>
		<b>Scenario</b>
		<span class="desc-text">User Proceed to checkout the product</span>
	</div>
	<ul class='steps'>
		<li test-id='23' class='node when fail' status='fail'>
			
			<b>When</b>
			
			<span class="bdd-step-name">When user click on to frame</span>
				<div class='pre'><pre>java.lang.Exception
	at com.cucumber.base.Baseclass.clickOnWebElement(Baseclass.java:141)
	at com.cucumber.stepdefinition.Stepdefinition.user_click_on_to_frame(Stepdefinition.java:155)
	at ✽.When user click on to frame(AutomationPractice.feature:31)
</pre></div>
			
		</li>
		<li test-id='24' class='node when skip' status='skip'>
			
			<b>When</b>
			
			<span class="bdd-step-name">When user click the Proceed to checkout button inside the frame</span>
				<div class='pre'>skipped</div>
			
		</li>
		<li test-id='25' class='node then skip' status='skip'>
			
			<b>Then</b>
			
			<span class="bdd-step-name">Then user verify the text 'Quantity' is present</span>
				<div class='pre'>skipped</div>
			
		</li>
		<li test-id='26' class='node and skip' status='skip'>
			
			<b>And</b>
			
			<span class="bdd-step-name">And user click the proceed to checkout in the shopping cart summary</span>
				<div class='pre'>skipped</div>
			
		</li>
		<li test-id='27' class='node and skip' status='skip'>
			
			<b>And</b>
			
			<span class="bdd-step-name">And user click on the proceed to check out in addresses</span>
				<div class='pre'>skipped</div>
			
		</li>
	</ul>
</div>
<div class='scenario node' test-id='28' status='fail'>
	<div class='category-list'>
		<span class='category label white-text'>@logout</span>
	</div>
	<span class='duration right label'>0h 1m 0s+563ms</span>
	<div class='desc'>
		<b>Scenario</b>
		<span class="desc-text">User place order with terms and conditions</span>
	</div>
	<ul class='steps'>
		<li test-id='29' class='node when fail' status='fail'>
			
			<b>When</b>
			
			<span class="bdd-step-name">When user click checkbox to agree the terms</span>
				<div class='pre'><pre>java.lang.Exception
	at com.cucumber.base.Baseclass.clickOnWebElement(Baseclass.java:141)
	at com.cucumber.stepdefinition.Stepdefinition.user_click_checkbox_to_agree_the_terms(Stepdefinition.java:190)
	at ✽.When user click checkbox to agree the terms(AutomationPractice.feature:38)
</pre></div>
			
		</li>
		<li test-id='30' class='node and skip' status='skip'>
			
			<b>And</b>
			
			<span class="bdd-step-name">And user click on proceed to checkout in shipping page</span>
				<div class='pre'>skipped</div>
			
		</li>
		<li test-id='31' class='node and skip' status='skip'>
			
			<b>And</b>
			
			<span class="bdd-step-name">And user click on pay</span>
				<div class='pre'>skipped</div>
			
		</li>
		<li test-id='32' class='node and skip' status='skip'>
			
			<b>And</b>
			
			<span class="bdd-step-name">And user click on signout to come out of the application</span>
				<div class='pre'>skipped</div>
			
		</li>
	</ul>
</div>
					</div>
				</li>
			</ul>
		</div>
	</div>
	<!-- subview left -->

	<div class='subview-right left'>
		<div class='view-summary'>
			<h5 class='test-name'></h5>

			<div id='step-filters' class="right">
				<span class="blue-text" status="info" alt="info" title="info"><i class="material-icons">info_outline</i></span>
				<span class="green-text" status="pass" alt="pass" title="pass"><i class="material-icons">check_circle</i></span>
				<span class="red-text" status="fail" alt="fail" title="fail"><i class="material-icons">cancel</i></span>
				<span class="red-text text-darken-4" status="fatal" alt="fatal" title="fatal"><i class="material-icons">cancel</i></span>
				<span class="pink-text text-lighten-1" status="error" alt="error" title="error"><i class="material-icons">error</i></span>
				<span class="orange-text" alt="warning" status="warning" title="warning"><i class="material-icons">warning</i></span>
				<span class="teal-text" status="skip" alt="skip" title="skip"><i class="material-icons">redo</i></span>
				<span status="clear" alt="Clear filters" title="Clear filters"><i class="material-icons">clear</i></span>
			</div>
		</div>
	</div>
	<!-- subview right -->

</div>
<!-- test view -->
<div id='category-view' class='view hide'>

	<section id='controls'>
		<div class='controls grey lighten-4'>
			<!-- search -->
			<div class='chip transparent' alt='Search Tests' title='Search Tests'>
				<a href="#" class='search-div'>
					<i class='material-icons'>search</i> Search
				</a>
				
				<div class='input-field left hide'>
					<input id='search-tests' type='text' class='validate browser-default' placeholder='Search Tests...'>
				</div>
				
			</div>
			<!-- search -->
		</div>
	</section>

	<div class='subview-left left'>
		
		<div class='view-summary'>
			<h5>Categories</h3>
			<ul id='category-collection' class='category-collection'>
				
				<li class='category displayed active'>
					<div class='category-heading'>
						<span class='category-name'>@APIendtoend</span>
						<span class='category-status right'>
							<span class='label fail'>1</span>
						</span>
					</div>
					<div class='category-content hide'>
						<div class='category-status-counts'>
							
							<span class='label red lighten-1 white-text'>Failed: 1</span>
							
						</div>
					
						<div class='category-tests'>
							<table class='bordered table-results'>
								<thead>
									<tr>
										<th>Timestamp</th>
										<th>TestName</th>
										<th>Status</th>
									</tr>
								</thead>
								<tbody>
									<tr>
										<td>Sep 05, 2019 11:01:36</td>
										<td class='linked' test-id='1'>User test the Automation practice with valid credentials and functionality</td>
										<td><span class='test-status fail'>fail</span></td>
									</tr>
								</tbody>
							</table>
						</div>
					</div>
				</li>
				<li class='category displayed active'>
					<div class='category-heading'>
						<span class='category-name'>@HomePage</span>
						<span class='category-status right'>
							<span class='label pass'>1</span>
						</span>
					</div>
					<div class='category-content hide'>
						<div class='category-status-counts'>
							<span class='label green accent-4 white-text'>Passed: 1</span>
							
							
						</div>
					
						<div class='category-tests'>
							<table class='bordered table-results'>
								<thead>
									<tr>
										<th>Timestamp</th>
										<th>TestName</th>
										<th>Status</th>
									</tr>
								</thead>
								<tbody>
									<tr>
										<td>Sep 05, 2019 11:01:36</td>
										<td class='linked' test-id='2'>User test the Automation practice with valid credentials and functionality.Verify user validate the automation practice home page</td>
										<td><span class='test-status pass'>pass</span></td>
									</tr>
								</tbody>
							</table>
						</div>
					</div>
				</li>
				<li class='category displayed active'>
					<div class='category-heading'>
						<span class='category-name'>@EndtoEndLogin</span>
						<span class='category-status right'>
							<span class='label pass'>1</span>
						</span>
					</div>
					<div class='category-content hide'>
						<div class='category-status-counts'>
							<span class='label green accent-4 white-text'>Passed: 1</span>
							
							
						</div>
					
						<div class='category-tests'>
							<table class='bordered table-results'>
								<thead>
									<tr>
										<th>Timestamp</th>
										<th>TestName</th>
										<th>Status</th>
									</tr>
								</thead>
								<tbody>
									<tr>
										<td>Sep 05, 2019 11:02:08</td>
										<td class='linked' test-id='7'>User test the Automation practice with valid credentials and functionality.Verify whether user login the application with valid authentication</td>
										<td><span class='test-status pass'>pass</span></td>
									</tr>
								</tbody>
							</table>
						</div>
					</div>
				</li>
				<li class='category displayed active'>
					<div class='category-heading'>
						<span class='category-name'>@EndtoEndorder</span>
						<span class='category-status right'>
							<span class='label fail'>1</span>
						</span>
					</div>
					<div class='category-content hide'>
						<div class='category-status-counts'>
							
							<span class='label red lighten-1 white-text'>Failed: 1</span>
							
						</div>
					
						<div class='category-tests'>
							<table class='bordered table-results'>
								<thead>
									<tr>
										<th>Timestamp</th>
										<th>TestName</th>
										<th>Status</th>
									</tr>
								</thead>
								<tbody>
									<tr>
										<td>Sep 05, 2019 11:02:13</td>
										<td class='linked' test-id='12'>User test the Automation practice with valid credentials and functionality.With user account the user place the order in the application with valid functionality</td>
										<td><span class='test-status fail'>fail</span></td>
									</tr>
								</tbody>
							</table>
						</div>
					</div>
				</li>
				<li class='category displayed active'>
					<div class='category-heading'>
						<span class='category-name'>@testcase1</span>
						<span class='category-status right'>
							<span class='label fail'>1</span>
						</span>
					</div>
					<div class='category-content hide'>
						<div class='category-status-counts'>
							
							<span class='label red lighten-1 white-text'>Failed: 1</span>
							
						</div>
					
						<div class='category-tests'>
							<table class='bordered table-results'>
								<thead>
									<tr>
										<th>Timestamp</th>
										<th>TestName</th>
										<th>Status</th>
									</tr>
								</thead>
								<tbody>
									<tr>
										<td>Sep 05, 2019 11:02:26</td>
										<td class='linked' test-id='16'>User test the Automation practice with valid credentials and functionality.user give the product details such as size,color to place order</td>
										<td><span class='test-status fail'>fail</span></td>
									</tr>
								</tbody>
							</table>
						</div>
					</div>
				</li>
				<li class='category displayed active'>
					<div class='category-heading'>
						<span class='category-name'>@testcase2</span>
						<span class='category-status right'>
							<span class='label fail'>1</span>
						</span>
					</div>
					<div class='category-content hide'>
						<div class='category-status-counts'>
							
							<span class='label red lighten-1 white-text'>Failed: 1</span>
							
						</div>
					
						<div class='category-tests'>
							<table class='bordered table-results'>
								<thead>
									<tr>
										<th>Timestamp</th>
										<th>TestName</th>
										<th>Status</th>
									</tr>
								</thead>
								<tbody>
									<tr>
										<td>Sep 05, 2019 11:03:27</td>
										<td class='linked' test-id='22'>User test the Automation practice with valid credentials and functionality.User Proceed to checkout the product</td>
										<td><span class='test-status fail'>fail</span></td>
									</tr>
								</tbody>
							</table>
						</div>
					</div>
				</li>
				<li class='category displayed active'>
					<div class='category-heading'>
						<span class='category-name'>@logout</span>
						<span class='category-status right'>
							<span class='label fail'>1</span>
						</span>
					</div>
					<div class='category-content hide'>
						<div class='category-status-counts'>
							
							<span class='label red lighten-1 white-text'>Failed: 1</span>
							
						</div>
					
						<div class='category-tests'>
							<table class='bordered table-results'>
								<thead>
									<tr>
										<th>Timestamp</th>
										<th>TestName</th>
										<th>Status</th>
									</tr>
								</thead>
								<tbody>
									<tr>
										<td>Sep 05, 2019 11:04:27</td>
										<td class='linked' test-id='28'>User test the Automation practice with valid credentials and functionality.User place order with terms and conditions</td>
										<td><span class='test-status fail'>fail</span></td>
									</tr>
								</tbody>
							</table>
						</div>
					</div>
				</li>

			</ul>
		</div>
	</div>

	<div class='subview-right left'>
		<div class='view-summary'>
			<h5 class='category-name'></h5>
		</div>
	</div>
</div>
<!-- category view -->
<div id='exception-view' class='view hide'>

    <section id='controls'>
        <div class='controls grey lighten-4'>
            <!-- search -->
            <div class='chip transparent' alt='Search Tests' title='Search Tests'>
                <a href="#" class='search-div'>
                    <i class='material-icons'>search</i> Search
                </a>

                <div class='input-field left hide'>
                    <input id='search-tests' type='text' class='validate browser-default' placeholder='Search Tests...'>
                </div>

            </div>
            <!-- search -->
        </div>
    </section>

    <div class='subview-left left'>

        <div class='view-summary'>
            <h5>Exceptions</h3>
                <ul id='exception-collection' class='exception-collection'>

                        <li class='exception displayed active'>
                            <div class='exception-heading'>
                                <span class='exception-name'>org.openqa.selenium.NoSuchWindowException</span>
                                <span class='exception-count right'><span class='label red lighten-1 white-text'>1</span></span>
                            </div>
                            <div class='exception-content hide'>
                                <div class='exception-tests'>
                                    <table class='bordered table-results'>
                                        <thead>
                                        <tr>
                                            <th>Timestamp</th>
                                            <th>TestName</th>
                                            <th>Status</th>
                                        </tr>
                                        </thead>
                                        <tbody>
                                                    <tr>
                                                        <td>Sep 05, 2019 11:02:26</td>
                                                        <td class='linked' test-id='15'>User test the Automation practice with valid credentials and functionality.With user account the user place the order in the application with valid functionality.Then user check verify whether the product 'T-shirts' searched is present or not inside women menu</td>
                                                        <td><pre><pre>org.openqa.selenium.NoSuchWindowException: no such window: target window already closed
from unknown error: web view not found
  (Session info: chrome=76.0.3809.132)
Build info: version: '3.141.59', revision: 'e82be7d358', time: '2018-11-14T08:17:03'
System info: host: 'UMA-PC', ip: '192.168.1.18', os.name: 'Windows 7', os.arch: 'amd64', os.version: '6.1', java.version: '1.8.0_201'
Driver info: org.openqa.selenium.chrome.ChromeDriver
Capabilities {acceptInsecureCerts: false, browserName: chrome, browserVersion: 76.0.3809.132, chrome: {chromedriverVersion: 75.0.3770.140 (2d9f97485c7b..., userDataDir: C:\Users\Uma\AppData\Local\...}, goog:chromeOptions: {debuggerAddress: localhost:49191}, javascriptEnabled: true, networkConnectionEnabled: false, pageLoadStrategy: normal, platform: XP, platformName: XP, proxy: Proxy(), setWindowRect: true, strictFileInteractability: false, timeouts: {implicit: 0, pageLoad: 300000, script: 30000}, unhandledPromptBehavior: dismiss and notify}
Session ID: eb119835ae16e5b6b25291cfaab495c9
*** Element info: {Using=xpath, value=(//a[@title='T-shirts'])[1]}
	at sun.reflect.NativeConstructorAccessorImpl.newInstance0(Native Method)
	at sun.reflect.NativeConstructorAccessorImpl.newInstance(NativeConstructorAccessorImpl.java:62)
	at sun.reflect.DelegatingConstructorAccessorImpl.newInstance(DelegatingConstructorAccessorImpl.java:45)
	at java.lang.reflect.Constructor.newInstance(Constructor.java:423)
	at org.openqa.selenium.remote.http.W3CHttpResponseCodec.createException(W3CHttpResponseCodec.java:187)
	at org.openqa.selenium.remote.http.W3CHttpResponseCodec.decode(W3CHttpResponseCodec.java:122)
	at org.openqa.selenium.remote.http.W3CHttpResponseCodec.decode(W3CHttpResponseCodec.java:49)
	at org.openqa.selenium.remote.HttpCommandExecutor.execute(HttpCommandExecutor.java:158)
	at org.openqa.selenium.remote.service.DriverCommandExecutor.execute(DriverCommandExecutor.java:83)
	at org.openqa.selenium.remote.RemoteWebDriver.execute(RemoteWebDriver.java:552)
	at org.openqa.selenium.remote.RemoteWebDriver.findElement(RemoteWebDriver.java:323)
	at org.openqa.selenium.remote.RemoteWebDriver.findElementByXPath(RemoteWebDriver.java:428)
	at org.openqa.selenium.By$ByXPath.findElement(By.java:353)
	at org.openqa.selenium.remote.RemoteWebDriver.findElement(RemoteWebDriver.java:315)
	at org.openqa.selenium.support.pagefactory.DefaultElementLocator.findElement(DefaultElementLocator.java:69)
	at org.openqa.selenium.support.pagefactory.internal.LocatingElementHandler.invoke(LocatingElementHandler.java:38)
	at com.sun.proxy.$Proxy16.getText(Unknown Source)
	at com.cucumber.stepdefinition.Stepdefinition.user_check_verify_whether_the_product_T_shirts_searched_is_present_or_not_inside_women_menu(Stepdefinition.java:111)
	at ✽.Then user check verify whether the product 'T-shirts' searched is present or not inside women menu(AutomationPractice.feature:20)
</pre></pre></td>
                                                    </tr>
                                        </tbody>
                                    </table>
                                </div>
                            </div>
                        </li>
                        <li class='exception displayed active'>
                            <div class='exception-heading'>
                                <span class='exception-name'>java.lang.Exception</span>
                                <span class='exception-count right'><span class='label red lighten-1 white-text'>3</span></span>
                            </div>
                            <div class='exception-content hide'>
                                <div class='exception-tests'>
                                    <table class='bordered table-results'>
                                        <thead>
                                        <tr>
                                            <th>Timestamp</th>
                                            <th>TestName</th>
                                            <th>Status</th>
                                        </tr>
                                        </thead>
                                        <tbody>
                                                    <tr>
                                                        <td>Sep 05, 2019 11:02:26</td>
                                                        <td class='linked' test-id='17'>User test the Automation practice with valid credentials and functionality.user give the product details such as size,color to place order.When user click the checkbox to select the size of the T-shirt in catalog</td>
                                                        <td><pre><pre>java.lang.Exception
	at com.cucumber.base.Baseclass.clickOnWebElement(Baseclass.java:141)
	at com.cucumber.stepdefinition.Stepdefinition.user_click_the_checkbox_to_select_the_size_of_the_T_shirt_in_catalog(Stepdefinition.java:121)
	at ✽.When user click the checkbox to select the size of the T-shirt in catalog(AutomationPractice.feature:23)
</pre></pre></td>
                                                    </tr>
                                                    <tr>
                                                        <td>Sep 05, 2019 11:03:27</td>
                                                        <td class='linked' test-id='23'>User test the Automation practice with valid credentials and functionality.User Proceed to checkout the product.When user click on to frame</td>
                                                        <td><pre><pre>java.lang.Exception
	at com.cucumber.base.Baseclass.clickOnWebElement(Baseclass.java:141)
	at com.cucumber.stepdefinition.Stepdefinition.user_click_on_to_frame(Stepdefinition.java:155)
	at ✽.When user click on to frame(AutomationPractice.feature:31)
</pre></pre></td>
                                                    </tr>
                                                    <tr>
                                                        <td>Sep 05, 2019 11:04:27</td>
                                                        <td class='linked' test-id='29'>User test the Automation practice with valid credentials and functionality.User place order with terms and conditions.When user click checkbox to agree the terms</td>
                                                        <td><pre><pre>java.lang.Exception
	at com.cucumber.base.Baseclass.clickOnWebElement(Baseclass.java:141)
	at com.cucumber.stepdefinition.Stepdefinition.user_click_checkbox_to_agree_the_terms(Stepdefinition.java:190)
	at ✽.When user click checkbox to agree the terms(AutomationPractice.feature:38)
</pre></pre></td>
                                                    </tr>
                                        </tbody>
                                    </table>
                                </div>
                            </div>
                        </li>
                </ul>
        </div>
    </div>

    <div class='subview-right left'>
        <div class='view-summary'>
            <h5 class='exception-name'></h5>
        </div>
    </div>
</div>
<!-- exception view -->
<div id='dashboard-view' class='view hide'>
	<div class='card-panel transparent np-v'>
		<h5>Dashboard</h5>

		<div class='row'>
			<div class='col s2'>
				<div class='card-panel r'>
					Features
					<div class='panel-lead'>1</div>
				</div>
			</div>
			<div class='col s2'>
				<div class='card-panel r'>
					Scenarios
					<div class='panel-lead'>6</div>
				</div>
			</div>
			<div class='col s2'>
				<div class='card-panel r'>
					Steps
					<div class='panel-lead'>25</div>
				</div>
			</div>
			<div class='col s2'>
				<div class='card-panel r'>
					Start
					<div class='panel-lead'>Sep 05, 2019 11:01:35</div>
				</div>
			</div>
			<div class='col s2'>
				<div class='card-panel r'>
			 		End
			 		<div class='panel-lead'>Sep 05, 2019 11:05:29</div>
				</div>
			</div>
			<div class='col s2'>
				<div class='card-panel r'>
					Time Taken
					<div class='panel-lead'>233,679ms</div>
				</div>
			</div>
			<div class='col s4'>
				<div class='card-panel'>
					<span class='right label cyan white-text'>Categories</span><p>&nbsp;</p>
					
					<table>
						<tr>
							<th>Name</th>
							<th>Passed</th>
							<th>Failed</th>
							<th>Others</th>
						</tr>
						<tr>
							<td>@APIendtoend</td>
							<td>0</td>
							<td>1</td>
							<td>0</td>
						</tr>
						<tr>
							<td>@HomePage</td>
							<td>1</td>
							<td>0</td>
							<td>0</td>
						</tr>
						<tr>
							<td>@EndtoEndLogin</td>
							<td>1</td>
							<td>0</td>
							<td>0</td>
						</tr>
						<tr>
							<td>@EndtoEndorder</td>
							<td>0</td>
							<td>1</td>
							<td>0</td>
						</tr>
						<tr>
							<td>@testcase1</td>
							<td>0</td>
							<td>1</td>
							<td>0</td>
						</tr>
						<tr>
							<td>@testcase2</td>
							<td>0</td>
							<td>1</td>
							<td>0</td>
						</tr>
						<tr>
							<td>@logout</td>
							<td>0</td>
							<td>1</td>
							<td>0</td>
						</tr>
					</table>
				</div>
			</div>
		</div>
	</div>
</div>
<!-- dashboard view -->
<!-- testrunner-logs view -->
		</div>
		<!-- container -->

		<script>
			var statusGroup = {
				passParent: 0,
				failParent: 1,
				fatalParent: 0,
				errorParent: 0,
				warningParent: 0,
				skipParent: 0,
				exceptionsParent: 1,
				
				passChild: 2,
				failChild: 4,
				fatalChild: 0,
				errorChild: 0,
				warningChild: 0,
				skipChild: 0,
				infoChild: 0,
				exceptionsChild: 4,
				
				passGrandChild: 10,
				failGrandChild: 4,
				fatalGrandChild: 0,
				errorGrandChild: 0,
				warningGrandChild: 0,
				skipGrandChild: 11,
				infoGrandChild: 0,
				exceptionsGrandChild: 15,
			};
		</script>
		
			<script src='https://cdn.rawgit.com/anshooarora/extentreports-java/5ed7b0c339b51aa347b44ccaa2e2ff29905b2f9f/dist/js/extent.js' type='text/javascript'></script>
		
		
	</body>
	
</html>
